{"C:\\Users\\rymas\\Desktop\\UTN - Back End\\07 - Pruebas y debugging de una API\\07_API_Test_Entrega\\src\\app.js": {"path":"C:\\Users\\rymas\\Desktop\\UTN - Back End\\07 - Pruebas y debugging de una API\\07_API_Test_Entrega\\src\\app.js","statementMap":{"0":{"start":{"line":1,"column":16},"end":{"line":1,"column":34}},"1":{"start":{"line":3,"column":17},"end":{"line":3,"column":53}},"2":{"start":{"line":4,"column":21},"end":{"line":4,"column":58}},"3":{"start":{"line":7,"column":0},"end":{"line":7,"column":27}},"4":{"start":{"line":10,"column":22},"end":{"line":14,"column":2}},"5":{"start":{"line":17,"column":12},"end":{"line":17,"column":21}},"6":{"start":{"line":18,"column":0},"end":{"line":18,"column":24}},"7":{"start":{"line":21,"column":21},"end":{"line":21,"column":47}},"8":{"start":{"line":24,"column":0},"end":{"line":24,"column":53}},"9":{"start":{"line":26,"column":0},"end":{"line":26,"column":22}},"10":{"start":{"line":28,"column":0},"end":{"line":30,"column":3}},"11":{"start":{"line":29,"column":2},"end":{"line":29,"column":53}},"12":{"start":{"line":32,"column":0},"end":{"line":32,"column":21}}},"fnMap":{"0":{"name":"(anonymous_0)","decl":{"start":{"line":28,"column":17},"end":{"line":28,"column":18}},"loc":{"start":{"line":28,"column":23},"end":{"line":30,"column":1}},"line":28}},"branchMap":{},"s":{"0":1,"1":1,"2":1,"3":1,"4":1,"5":1,"6":1,"7":1,"8":1,"9":1,"10":1,"11":1,"12":1},"f":{"0":1},"b":{},"_coverageSchema":"1a1c01bbd47fc00a2c39e90264f33305004495a9","hash":"600cb80e4bf53e2f830995e167a25c653a423e94"}
,"C:\\Users\\rymas\\Desktop\\UTN - Back End\\07 - Pruebas y debugging de una API\\07_API_Test_Entrega\\src\\controllers\\libroController.js": {"path":"C:\\Users\\rymas\\Desktop\\UTN - Back End\\07 - Pruebas y debugging de una API\\07_API_Test_Entrega\\src\\controllers\\libroController.js","statementMap":{"0":{"start":{"line":1,"column":14},"end":{"line":1,"column":45}},"1":{"start":{"line":3,"column":0},"end":{"line":10,"column":2}},"2":{"start":{"line":4,"column":2},"end":{"line":9,"column":3}},"3":{"start":{"line":5,"column":19},"end":{"line":5,"column":37}},"4":{"start":{"line":6,"column":4},"end":{"line":6,"column":33}},"5":{"start":{"line":8,"column":4},"end":{"line":8,"column":67}},"6":{"start":{"line":12,"column":0},"end":{"line":22,"column":2}},"7":{"start":{"line":13,"column":2},"end":{"line":21,"column":3}},"8":{"start":{"line":14,"column":18},"end":{"line":14,"column":53}},"9":{"start":{"line":15,"column":4},"end":{"line":17,"column":5}},"10":{"start":{"line":16,"column":6},"end":{"line":16,"column":68}},"11":{"start":{"line":18,"column":4},"end":{"line":18,"column":32}},"12":{"start":{"line":20,"column":4},"end":{"line":20,"column":65}},"13":{"start":{"line":24,"column":0},"end":{"line":32,"column":2}},"14":{"start":{"line":25,"column":2},"end":{"line":31,"column":3}},"15":{"start":{"line":26,"column":23},"end":{"line":26,"column":51}},"16":{"start":{"line":27,"column":4},"end":{"line":27,"column":28}},"17":{"start":{"line":28,"column":4},"end":{"line":28,"column":37}},"18":{"start":{"line":30,"column":4},"end":{"line":30,"column":63}},"19":{"start":{"line":34,"column":0},"end":{"line":48,"column":2}},"20":{"start":{"line":35,"column":2},"end":{"line":47,"column":3}},"21":{"start":{"line":36,"column":18},"end":{"line":38,"column":6}},"22":{"start":{"line":40,"column":4},"end":{"line":42,"column":5}},"23":{"start":{"line":41,"column":6},"end":{"line":41,"column":68}},"24":{"start":{"line":44,"column":4},"end":{"line":44,"column":32}},"25":{"start":{"line":46,"column":4},"end":{"line":46,"column":68}},"26":{"start":{"line":50,"column":0},"end":{"line":60,"column":2}},"27":{"start":{"line":51,"column":2},"end":{"line":59,"column":3}},"28":{"start":{"line":52,"column":20},"end":{"line":52,"column":33}},"29":{"start":{"line":54,"column":27},"end":{"line":54,"column":65}},"30":{"start":{"line":56,"column":4},"end":{"line":56,"column":41}},"31":{"start":{"line":58,"column":4},"end":{"line":58,"column":66}}},"fnMap":{"0":{"name":"(anonymous_0)","decl":{"start":{"line":3,"column":23},"end":{"line":3,"column":24}},"loc":{"start":{"line":3,"column":43},"end":{"line":10,"column":1}},"line":3},"1":{"name":"(anonymous_1)","decl":{"start":{"line":12,"column":23},"end":{"line":12,"column":24}},"loc":{"start":{"line":12,"column":43},"end":{"line":22,"column":1}},"line":12},"2":{"name":"(anonymous_2)","decl":{"start":{"line":24,"column":22},"end":{"line":24,"column":23}},"loc":{"start":{"line":24,"column":42},"end":{"line":32,"column":1}},"line":24},"3":{"name":"(anonymous_3)","decl":{"start":{"line":34,"column":22},"end":{"line":34,"column":23}},"loc":{"start":{"line":34,"column":42},"end":{"line":48,"column":1}},"line":34},"4":{"name":"(anonymous_4)","decl":{"start":{"line":50,"column":22},"end":{"line":50,"column":23}},"loc":{"start":{"line":50,"column":42},"end":{"line":60,"column":1}},"line":50}},"branchMap":{"0":{"loc":{"start":{"line":15,"column":4},"end":{"line":17,"column":5}},"type":"if","locations":[{"start":{"line":15,"column":4},"end":{"line":17,"column":5}},{"start":{},"end":{}}],"line":15},"1":{"loc":{"start":{"line":40,"column":4},"end":{"line":42,"column":5}},"type":"if","locations":[{"start":{"line":40,"column":4},"end":{"line":42,"column":5}},{"start":{},"end":{}}],"line":40}},"s":{"0":2,"1":2,"2":2,"3":2,"4":2,"5":0,"6":2,"7":1,"8":1,"9":1,"10":0,"11":1,"12":0,"13":2,"14":2,"15":2,"16":2,"17":2,"18":0,"19":2,"20":2,"21":2,"22":2,"23":1,"24":1,"25":0,"26":2,"27":1,"28":1,"29":1,"30":1,"31":0},"f":{"0":2,"1":1,"2":2,"3":2,"4":1},"b":{"0":[0,1],"1":[1,1]},"_coverageSchema":"1a1c01bbd47fc00a2c39e90264f33305004495a9","hash":"c8964948b6d9d667dce8ff6b71ceb36bc9982ad8"}
,"C:\\Users\\rymas\\Desktop\\UTN - Back End\\07 - Pruebas y debugging de una API\\07_API_Test_Entrega\\src\\middlewares\\errorHandler.js": {"path":"C:\\Users\\rymas\\Desktop\\UTN - Back End\\07 - Pruebas y debugging de una API\\07_API_Test_Entrega\\src\\middlewares\\errorHandler.js","statementMap":{"0":{"start":{"line":2,"column":22},"end":{"line":16,"column":3}},"1":{"start":{"line":4,"column":23},"end":{"line":4,"column":44}},"2":{"start":{"line":7,"column":26},"end":{"line":12,"column":5}},"3":{"start":{"line":15,"column":4},"end":{"line":15,"column":47}},"4":{"start":{"line":18,"column":2},"end":{"line":18,"column":32}}},"fnMap":{"0":{"name":"(anonymous_0)","decl":{"start":{"line":2,"column":22},"end":{"line":2,"column":23}},"loc":{"start":{"line":2,"column":47},"end":{"line":16,"column":3}},"line":2}},"branchMap":{"0":{"loc":{"start":{"line":4,"column":23},"end":{"line":4,"column":44}},"type":"binary-expr","locations":[{"start":{"line":4,"column":23},"end":{"line":4,"column":37}},{"start":{"line":4,"column":41},"end":{"line":4,"column":44}}],"line":4},"1":{"loc":{"start":{"line":9,"column":17},"end":{"line":9,"column":60}},"type":"binary-expr","locations":[{"start":{"line":9,"column":17},"end":{"line":9,"column":28}},{"start":{"line":9,"column":32},"end":{"line":9,"column":60}}],"line":9},"2":{"loc":{"start":{"line":10,"column":14},"end":{"line":10,"column":42}},"type":"binary-expr","locations":[{"start":{"line":10,"column":14},"end":{"line":10,"column":22}},{"start":{"line":10,"column":26},"end":{"line":10,"column":42}}],"line":10}},"s":{"0":1,"1":0,"2":0,"3":0,"4":1},"f":{"0":0},"b":{"0":[0,0],"1":[0,0],"2":[0,0]},"_coverageSchema":"1a1c01bbd47fc00a2c39e90264f33305004495a9","hash":"c9471c18a6ad8db728ec29e7354ebd5def9d46a3"}
,"C:\\Users\\rymas\\Desktop\\UTN - Back End\\07 - Pruebas y debugging de una API\\07_API_Test_Entrega\\src\\models\\libroModel.js": {"path":"C:\\Users\\rymas\\Desktop\\UTN - Back End\\07 - Pruebas y debugging de una API\\07_API_Test_Entrega\\src\\models\\libroModel.js","statementMap":{"0":{"start":{"line":1,"column":17},"end":{"line":1,"column":36}},"1":{"start":{"line":2,"column":0},"end":{"line":2,"column":26}},"2":{"start":{"line":3,"column":0},"end":{"line":6,"column":3}},"3":{"start":{"line":8,"column":20},"end":{"line":11,"column":28}},"4":{"start":{"line":13,"column":14},"end":{"line":13,"column":50}},"5":{"start":{"line":15,"column":0},"end":{"line":15,"column":23}}},"fnMap":{},"branchMap":{},"s":{"0":2,"1":2,"2":2,"3":2,"4":2,"5":2},"f":{},"b":{},"_coverageSchema":"1a1c01bbd47fc00a2c39e90264f33305004495a9","hash":"44c0167842c90d83e9785b675952f49e483e6435"}
,"C:\\Users\\rymas\\Desktop\\UTN - Back End\\07 - Pruebas y debugging de una API\\07_API_Test_Entrega\\src\\routes\\libros.js": {"path":"C:\\Users\\rymas\\Desktop\\UTN - Back End\\07 - Pruebas y debugging de una API\\07_API_Test_Entrega\\src\\routes\\libros.js","statementMap":{"0":{"start":{"line":1,"column":16},"end":{"line":1,"column":34}},"1":{"start":{"line":2,"column":15},"end":{"line":2,"column":31}},"2":{"start":{"line":4,"column":77},"end":{"line":4,"column":118}},"3":{"start":{"line":8,"column":27},"end":{"line":8,"column":63}},"4":{"start":{"line":11,"column":0},"end":{"line":11,"column":61}},"5":{"start":{"line":14,"column":0},"end":{"line":14,"column":64}},"6":{"start":{"line":17,"column":0},"end":{"line":17,"column":62}},"7":{"start":{"line":20,"column":0},"end":{"line":20,"column":64}},"8":{"start":{"line":23,"column":0},"end":{"line":23,"column":67}},"9":{"start":{"line":25,"column":0},"end":{"line":25,"column":24}}},"fnMap":{},"branchMap":{},"s":{"0":1,"1":1,"2":1,"3":1,"4":1,"5":1,"6":1,"7":1,"8":1,"9":1},"f":{},"b":{},"_coverageSchema":"1a1c01bbd47fc00a2c39e90264f33305004495a9","hash":"34dc7c8cd5edc543b43a363e7c8481f011b5a5b1"}
}
