TN:
SF:src\app.js
FN:28,(anonymous_0)
FNF:1
FNH:1
FNDA:1,(anonymous_0)
DA:1,1
DA:3,1
DA:4,1
DA:7,1
DA:10,1
DA:17,1
DA:18,1
DA:21,1
DA:24,1
DA:26,1
DA:28,1
DA:29,1
DA:32,1
LF:13
LH:13
BRF:0
BRH:0
end_of_record
TN:
SF:src\controllers\libroController.js
FN:3,(anonymous_0)
FN:12,(anonymous_1)
FN:24,(anonymous_2)
FN:34,(anonymous_3)
FN:50,(anonymous_4)
FNF:5
FNH:5
FNDA:2,(anonymous_0)
FNDA:1,(anonymous_1)
FNDA:2,(anonymous_2)
FNDA:2,(anonymous_3)
FNDA:1,(anonymous_4)
DA:1,2
DA:3,2
DA:4,2
DA:5,2
DA:6,2
DA:8,0
DA:12,2
DA:13,1
DA:14,1
DA:15,1
DA:16,0
DA:18,1
DA:20,0
DA:24,2
DA:25,2
DA:26,2
DA:27,2
DA:28,2
DA:30,0
DA:34,2
DA:35,2
DA:36,2
DA:40,2
DA:41,1
DA:44,1
DA:46,0
DA:50,2
DA:51,1
DA:52,1
DA:54,1
DA:56,1
DA:58,0
LF:32
LH:26
BRDA:15,0,0,0
BRDA:15,0,1,1
BRDA:40,1,0,1
BRDA:40,1,1,1
BRF:4
BRH:3
end_of_record
TN:
SF:src\middlewares\errorHandler.js
FN:2,(anonymous_0)
FNF:1
FNH:0
FNDA:0,(anonymous_0)
DA:2,1
DA:4,0
DA:7,0
DA:15,0
DA:18,1
LF:5
LH:2
BRDA:4,0,0,0
BRDA:4,0,1,0
BRDA:9,1,0,0
BRDA:9,1,1,0
BRDA:10,2,0,0
BRDA:10,2,1,0
BRF:6
BRH:0
end_of_record
TN:
SF:src\models\libroModel.js
FNF:0
FNH:0
DA:1,2
DA:2,2
DA:3,2
DA:8,2
DA:13,2
DA:15,2
LF:6
LH:6
BRF:0
BRH:0
end_of_record
TN:
SF:src\routes\libros.js
FNF:0
FNH:0
DA:1,1
DA:2,1
DA:4,1
DA:8,1
DA:11,1
DA:14,1
DA:17,1
DA:20,1
DA:23,1
DA:25,1
LF:10
LH:10
BRF:0
BRH:0
end_of_record
