{"C:\\Users\\rymas\\Desktop\\UTN - Back End\\07 - Pruebas y debugging de una API\\02_ejercicio_Mockup_Supertest\\src\\controllers\\productosController.js": {"path":"C:\\Users\\rymas\\Desktop\\UTN - Back End\\07 - Pruebas y debugging de una API\\02_ejercicio_Mockup_Supertest\\src\\controllers\\productosController.js","statementMap":{"0":{"start":{"line":1,"column":17},"end":{"line":1,"column":46}},"1":{"start":{"line":4,"column":0},"end":{"line":11,"column":2}},"2":{"start":{"line":5,"column":4},"end":{"line":10,"column":5}},"3":{"start":{"line":6,"column":25},"end":{"line":6,"column":46}},"4":{"start":{"line":7,"column":8},"end":{"line":7,"column":39}},"5":{"start":{"line":9,"column":8},"end":{"line":9,"column":74}},"6":{"start":{"line":14,"column":0},"end":{"line":27,"column":2}},"7":{"start":{"line":15,"column":4},"end":{"line":26,"column":5}},"8":{"start":{"line":16,"column":19},"end":{"line":16,"column":32}},"9":{"start":{"line":17,"column":24},"end":{"line":17,"column":51}},"10":{"start":{"line":19,"column":8},"end":{"line":21,"column":9}},"11":{"start":{"line":20,"column":12},"end":{"line":20,"column":76}},"12":{"start":{"line":22,"column":8},"end":{"line":22,"column":38}},"13":{"start":{"line":25,"column":8},"end":{"line":25,"column":71}},"14":{"start":{"line":30,"column":0},"end":{"line":39,"column":2}},"15":{"start":{"line":31,"column":4},"end":{"line":38,"column":5}},"16":{"start":{"line":32,"column":21},"end":{"line":32,"column":29}},"17":{"start":{"line":33,"column":28},"end":{"line":33,"column":55}},"18":{"start":{"line":34,"column":8},"end":{"line":34,"column":42}},"19":{"start":{"line":36,"column":8},"end":{"line":36,"column":27}},"20":{"start":{"line":37,"column":8},"end":{"line":37,"column":70}},"21":{"start":{"line":42,"column":0},"end":{"line":55,"column":1}},"22":{"start":{"line":43,"column":4},"end":{"line":54,"column":5}},"23":{"start":{"line":44,"column":19},"end":{"line":44,"column":32}},"24":{"start":{"line":45,"column":32},"end":{"line":45,"column":68}},"25":{"start":{"line":47,"column":8},"end":{"line":49,"column":9}},"26":{"start":{"line":48,"column":12},"end":{"line":48,"column":77}},"27":{"start":{"line":50,"column":8},"end":{"line":50,"column":46}},"28":{"start":{"line":53,"column":8},"end":{"line":53,"column":73}},"29":{"start":{"line":58,"column":0},"end":{"line":71,"column":1}},"30":{"start":{"line":59,"column":4},"end":{"line":70,"column":5}},"31":{"start":{"line":60,"column":19},"end":{"line":60,"column":32}},"32":{"start":{"line":61,"column":21},"end":{"line":61,"column":29}},"33":{"start":{"line":62,"column":31},"end":{"line":62,"column":88}},"34":{"start":{"line":64,"column":8},"end":{"line":66,"column":9}},"35":{"start":{"line":65,"column":12},"end":{"line":65,"column":77}},"36":{"start":{"line":67,"column":8},"end":{"line":67,"column":45}},"37":{"start":{"line":69,"column":8},"end":{"line":69,"column":75}}},"fnMap":{"0":{"name":"(anonymous_0)","decl":{"start":{"line":4,"column":26},"end":{"line":4,"column":27}},"loc":{"start":{"line":4,"column":46},"end":{"line":11,"column":1}},"line":4},"1":{"name":"(anonymous_1)","decl":{"start":{"line":14,"column":26},"end":{"line":14,"column":27}},"loc":{"start":{"line":14,"column":46},"end":{"line":27,"column":1}},"line":14},"2":{"name":"(anonymous_2)","decl":{"start":{"line":30,"column":25},"end":{"line":30,"column":26}},"loc":{"start":{"line":30,"column":45},"end":{"line":39,"column":1}},"line":30},"3":{"name":"(anonymous_3)","decl":{"start":{"line":42,"column":29},"end":{"line":42,"column":30}},"loc":{"start":{"line":42,"column":49},"end":{"line":55,"column":1}},"line":42},"4":{"name":"(anonymous_4)","decl":{"start":{"line":58,"column":29},"end":{"line":58,"column":30}},"loc":{"start":{"line":58,"column":49},"end":{"line":71,"column":1}},"line":58}},"branchMap":{"0":{"loc":{"start":{"line":19,"column":8},"end":{"line":21,"column":9}},"type":"if","locations":[{"start":{"line":19,"column":8},"end":{"line":21,"column":9}},{"start":{},"end":{}}],"line":19},"1":{"loc":{"start":{"line":47,"column":8},"end":{"line":49,"column":9}},"type":"if","locations":[{"start":{"line":47,"column":8},"end":{"line":49,"column":9}},{"start":{},"end":{}}],"line":47},"2":{"loc":{"start":{"line":64,"column":8},"end":{"line":66,"column":9}},"type":"if","locations":[{"start":{"line":64,"column":8},"end":{"line":66,"column":9}},{"start":{},"end":{}}],"line":64}},"s":{"0":1,"1":1,"2":1,"3":1,"4":1,"5":0,"6":1,"7":0,"8":0,"9":0,"10":0,"11":0,"12":0,"13":0,"14":1,"15":0,"16":0,"17":0,"18":0,"19":0,"20":0,"21":1,"22":0,"23":0,"24":0,"25":0,"26":0,"27":0,"28":0,"29":1,"30":0,"31":0,"32":0,"33":0,"34":0,"35":0,"36":0,"37":0},"f":{"0":1,"1":0,"2":0,"3":0,"4":0},"b":{"0":[0,0],"1":[0,0],"2":[0,0]},"_coverageSchema":"1a1c01bbd47fc00a2c39e90264f33305004495a9","hash":"8bf3f31c163f865ac62d315bc188fbc58abb9916"}
,"C:\\Users\\rymas\\Desktop\\UTN - Back End\\07 - Pruebas y debugging de una API\\02_ejercicio_Mockup_Supertest\\src\\models\\producto.js": {"path":"C:\\Users\\rymas\\Desktop\\UTN - Back End\\07 - Pruebas y debugging de una API\\02_ejercicio_Mockup_Supertest\\src\\models\\producto.js","statementMap":{"0":{"start":{"line":1,"column":17},"end":{"line":1,"column":36}},"1":{"start":{"line":4,"column":15},"end":{"line":4,"column":32}},"2":{"start":{"line":5,"column":17},"end":{"line":5,"column":30}},"3":{"start":{"line":7,"column":0},"end":{"line":10,"column":3}},"4":{"start":{"line":13,"column":24},"end":{"line":16,"column":2}},"5":{"start":{"line":19,"column":17},"end":{"line":19,"column":60}},"6":{"start":{"line":21,"column":0},"end":{"line":21,"column":26}}},"fnMap":{},"branchMap":{},"s":{"0":1,"1":1,"2":1,"3":1,"4":1,"5":1,"6":1},"f":{},"b":{},"_coverageSchema":"1a1c01bbd47fc00a2c39e90264f33305004495a9","hash":"22c921131602c710bb604ddc738ea7296a6d9857"}
}
